<?xml version="1.0" encoding="UTF-8"?>
<testsuite xmlns:xsi="http://www.w3.org/2001/XMLSchema-instance" xsi:noNamespaceSchemaLocation="https://maven.apache.org/surefire/maven-surefire-plugin/xsd/surefire-test-report-3.0.xsd" version="3.0" name="TestSuite" time="80.691" tests="2" errors="0" skipped="0" failures="0">
  <properties>
    <property name="sun.desktop" value="windows"/>
    <property name="awt.toolkit" value="sun.awt.windows.WToolkit"/>
    <property name="file.encoding.pkg" value="sun.io"/>
    <property name="java.specification.version" value="1.8"/>
    <property name="sun.cpu.isalist" value="pentium_pro+mmx pentium_pro pentium+mmx pentium i486 i386 i86"/>
    <property name="sun.jnu.encoding" value="Cp1252"/>
    <property name="java.class.path" value="C:\Users\jaysh\eclipse-workspace\AppiumFrameWork\target\test-classes;C:\Users\jaysh\eclipse-workspace\AppiumFrameWork\target\classes;C:\Users\jaysh\.m2\repository\io\appium\java-client\7.4.1\java-client-7.4.1.jar;C:\Users\jaysh\.m2\repository\org\seleniumhq\selenium\selenium-java\3.141.59\selenium-java-3.141.59.jar;C:\Users\jaysh\.m2\repository\org\seleniumhq\selenium\selenium-chrome-driver\3.141.59\selenium-chrome-driver-3.141.59.jar;C:\Users\jaysh\.m2\repository\org\seleniumhq\selenium\selenium-edge-driver\3.141.59\selenium-edge-driver-3.141.59.jar;C:\Users\jaysh\.m2\repository\org\seleniumhq\selenium\selenium-firefox-driver\3.141.59\selenium-firefox-driver-3.141.59.jar;C:\Users\jaysh\.m2\repository\org\seleniumhq\selenium\selenium-ie-driver\3.141.59\selenium-ie-driver-3.141.59.jar;C:\Users\jaysh\.m2\repository\org\seleniumhq\selenium\selenium-opera-driver\3.141.59\selenium-opera-driver-3.141.59.jar;C:\Users\jaysh\.m2\repository\org\seleniumhq\selenium\selenium-remote-driver\3.141.59\selenium-remote-driver-3.141.59.jar;C:\Users\jaysh\.m2\repository\org\seleniumhq\selenium\selenium-safari-driver\3.141.59\selenium-safari-driver-3.141.59.jar;C:\Users\jaysh\.m2\repository\net\bytebuddy\byte-buddy\1.8.15\byte-buddy-1.8.15.jar;C:\Users\jaysh\.m2\repository\org\apache\commons\commons-exec\1.3\commons-exec-1.3.jar;C:\Users\jaysh\.m2\repository\com\google\guava\guava\25.0-jre\guava-25.0-jre.jar;C:\Users\jaysh\.m2\repository\com\google\code\findbugs\jsr305\1.3.9\jsr305-1.3.9.jar;C:\Users\jaysh\.m2\repository\org\checkerframework\checker-compat-qual\2.0.0\checker-compat-qual-2.0.0.jar;C:\Users\jaysh\.m2\repository\com\google\errorprone\error_prone_annotations\2.1.3\error_prone_annotations-2.1.3.jar;C:\Users\jaysh\.m2\repository\com\google\j2objc\j2objc-annotations\1.1\j2objc-annotations-1.1.jar;C:\Users\jaysh\.m2\repository\org\codehaus\mojo\animal-sniffer-annotations\1.14\animal-sniffer-annotations-1.14.jar;C:\Users\jaysh\.m2\repository\com\squareup\okhttp3\okhttp\3.11.0\okhttp-3.11.0.jar;C:\Users\jaysh\.m2\repository\com\squareup\okio\okio\1.14.0\okio-1.14.0.jar;C:\Users\jaysh\.m2\repository\org\seleniumhq\selenium\selenium-support\3.141.59\selenium-support-3.141.59.jar;C:\Users\jaysh\.m2\repository\org\seleniumhq\selenium\selenium-api\3.141.59\selenium-api-3.141.59.jar;C:\Users\jaysh\.m2\repository\com\google\code\gson\gson\2.8.6\gson-2.8.6.jar;C:\Users\jaysh\.m2\repository\org\apache\httpcomponents\httpclient\4.5.13\httpclient-4.5.13.jar;C:\Users\jaysh\.m2\repository\org\apache\httpcomponents\httpcore\4.4.13\httpcore-4.4.13.jar;C:\Users\jaysh\.m2\repository\commons-codec\commons-codec\1.11\commons-codec-1.11.jar;C:\Users\jaysh\.m2\repository\cglib\cglib\3.3.0\cglib-3.3.0.jar;C:\Users\jaysh\.m2\repository\org\ow2\asm\asm\7.1\asm-7.1.jar;C:\Users\jaysh\.m2\repository\org\springframework\spring-context\5.3.1\spring-context-5.3.1.jar;C:\Users\jaysh\.m2\repository\org\springframework\spring-aop\5.3.1\spring-aop-5.3.1.jar;C:\Users\jaysh\.m2\repository\org\springframework\spring-beans\5.3.1\spring-beans-5.3.1.jar;C:\Users\jaysh\.m2\repository\org\springframework\spring-core\5.3.1\spring-core-5.3.1.jar;C:\Users\jaysh\.m2\repository\org\springframework\spring-jcl\5.3.1\spring-jcl-5.3.1.jar;C:\Users\jaysh\.m2\repository\org\springframework\spring-expression\5.3.1\spring-expression-5.3.1.jar;C:\Users\jaysh\.m2\repository\org\aspectj\aspectjweaver\1.9.6\aspectjweaver-1.9.6.jar;C:\Users\jaysh\.m2\repository\com\aventstack\extentreports\4.0.0\extentreports-4.0.0.jar;C:\Users\jaysh\.m2\repository\org\freemarker\freemarker\2.3.23\freemarker-2.3.23.jar;C:\Users\jaysh\.m2\repository\org\mongodb\mongodb-driver\3.3.0\mongodb-driver-3.3.0.jar;C:\Users\jaysh\.m2\repository\org\mongodb\mongodb-driver-core\3.3.0\mongodb-driver-core-3.3.0.jar;C:\Users\jaysh\.m2\repository\org\mongodb\bson\3.3.0\bson-3.3.0.jar;C:\Users\jaysh\.m2\repository\org\apache\httpcomponents\httpmime\4.5.2\httpmime-4.5.2.jar;C:\Users\jaysh\.m2\repository\junit\junit\4.13.1\junit-4.13.1.jar;C:\Users\jaysh\.m2\repository\org\hamcrest\hamcrest-core\1.3\hamcrest-core-1.3.jar;C:\Users\jaysh\.m2\repository\org\testng\testng\7.3.0\testng-7.3.0.jar;C:\Users\jaysh\.m2\repository\com\beust\jcommander\1.78\jcommander-1.78.jar;C:\Users\jaysh\.m2\repository\org\apache\ant\ant\1.10.3\ant-1.10.3.jar;C:\Users\jaysh\.m2\repository\org\apache\ant\ant-launcher\1.10.3\ant-launcher-1.10.3.jar;C:\Users\jaysh\.m2\repository\com\google\inject\guice\4.2.2\guice-4.2.2-no_aop.jar;C:\Users\jaysh\.m2\repository\javax\inject\javax.inject\1\javax.inject-1.jar;C:\Users\jaysh\.m2\repository\aopalliance\aopalliance\1.0\aopalliance-1.0.jar;C:\Users\jaysh\.m2\repository\org\yaml\snakeyaml\1.21\snakeyaml-1.21.jar;C:\Users\jaysh\.m2\repository\org\slf4j\slf4j-simple\1.7.26\slf4j-simple-1.7.26.jar;C:\Users\jaysh\.m2\repository\org\slf4j\slf4j-api\1.7.26\slf4j-api-1.7.26.jar;C:\Users\jaysh\.m2\repository\org\apache\commons\commons-lang3\3.11\commons-lang3-3.11.jar;C:\Users\jaysh\.m2\repository\commons-io\commons-io\2.6\commons-io-2.6.jar;C:\Users\jaysh\.m2\repository\commons-validator\commons-validator\1.6\commons-validator-1.6.jar;C:\Users\jaysh\.m2\repository\commons-beanutils\commons-beanutils\1.9.2\commons-beanutils-1.9.2.jar;C:\Users\jaysh\.m2\repository\commons-digester\commons-digester\1.8.1\commons-digester-1.8.1.jar;C:\Users\jaysh\.m2\repository\commons-logging\commons-logging\1.2\commons-logging-1.2.jar;C:\Users\jaysh\.m2\repository\commons-collections\commons-collections\3.2.2\commons-collections-3.2.2.jar;"/>
    <property name="java.vm.vendor" value="Oracle Corporation"/>
    <property name="deviceName" value="Emulator-Pixel-4"/>
    <property name="sun.arch.data.model" value="32"/>
    <property name="user.variant" value=""/>
    <property name="java.vendor.url" value="http://java.oracle.com/"/>
    <property name="user.timezone" value="Asia/Calcutta"/>
    <property name="java.vm.specification.version" value="1.8"/>
    <property name="os.name" value="Windows 10"/>
    <property name="user.country" value="IN"/>
    <property name="sun.java.launcher" value="SUN_STANDARD"/>
    <property name="sun.boot.library.path" value="C:\Program Files (x86)\Java\jdk1.8.0_271\jre\bin"/>
    <property name="sun.java.command" value="C:\Users\jaysh\AppData\Local\Temp\surefire3063878969618260024\surefirebooter2225555179355444106.jar C:\Users\jaysh\AppData\Local\Temp\surefire3063878969618260024 2020-12-21T14-47-21_901-jvmRun1 surefire5049404444482446183tmp surefire_04475133641808497429tmp"/>
    <property name="surefire.test.class.path" value="C:\Users\jaysh\eclipse-workspace\AppiumFrameWork\target\test-classes;C:\Users\jaysh\eclipse-workspace\AppiumFrameWork\target\classes;C:\Users\jaysh\.m2\repository\io\appium\java-client\7.4.1\java-client-7.4.1.jar;C:\Users\jaysh\.m2\repository\org\seleniumhq\selenium\selenium-java\3.141.59\selenium-java-3.141.59.jar;C:\Users\jaysh\.m2\repository\org\seleniumhq\selenium\selenium-chrome-driver\3.141.59\selenium-chrome-driver-3.141.59.jar;C:\Users\jaysh\.m2\repository\org\seleniumhq\selenium\selenium-edge-driver\3.141.59\selenium-edge-driver-3.141.59.jar;C:\Users\jaysh\.m2\repository\org\seleniumhq\selenium\selenium-firefox-driver\3.141.59\selenium-firefox-driver-3.141.59.jar;C:\Users\jaysh\.m2\repository\org\seleniumhq\selenium\selenium-ie-driver\3.141.59\selenium-ie-driver-3.141.59.jar;C:\Users\jaysh\.m2\repository\org\seleniumhq\selenium\selenium-opera-driver\3.141.59\selenium-opera-driver-3.141.59.jar;C:\Users\jaysh\.m2\repository\org\seleniumhq\selenium\selenium-remote-driver\3.141.59\selenium-remote-driver-3.141.59.jar;C:\Users\jaysh\.m2\repository\org\seleniumhq\selenium\selenium-safari-driver\3.141.59\selenium-safari-driver-3.141.59.jar;C:\Users\jaysh\.m2\repository\net\bytebuddy\byte-buddy\1.8.15\byte-buddy-1.8.15.jar;C:\Users\jaysh\.m2\repository\org\apache\commons\commons-exec\1.3\commons-exec-1.3.jar;C:\Users\jaysh\.m2\repository\com\google\guava\guava\25.0-jre\guava-25.0-jre.jar;C:\Users\jaysh\.m2\repository\com\google\code\findbugs\jsr305\1.3.9\jsr305-1.3.9.jar;C:\Users\jaysh\.m2\repository\org\checkerframework\checker-compat-qual\2.0.0\checker-compat-qual-2.0.0.jar;C:\Users\jaysh\.m2\repository\com\google\errorprone\error_prone_annotations\2.1.3\error_prone_annotations-2.1.3.jar;C:\Users\jaysh\.m2\repository\com\google\j2objc\j2objc-annotations\1.1\j2objc-annotations-1.1.jar;C:\Users\jaysh\.m2\repository\org\codehaus\mojo\animal-sniffer-annotations\1.14\animal-sniffer-annotations-1.14.jar;C:\Users\jaysh\.m2\repository\com\squareup\okhttp3\okhttp\3.11.0\okhttp-3.11.0.jar;C:\Users\jaysh\.m2\repository\com\squareup\okio\okio\1.14.0\okio-1.14.0.jar;C:\Users\jaysh\.m2\repository\org\seleniumhq\selenium\selenium-support\3.141.59\selenium-support-3.141.59.jar;C:\Users\jaysh\.m2\repository\org\seleniumhq\selenium\selenium-api\3.141.59\selenium-api-3.141.59.jar;C:\Users\jaysh\.m2\repository\com\google\code\gson\gson\2.8.6\gson-2.8.6.jar;C:\Users\jaysh\.m2\repository\org\apache\httpcomponents\httpclient\4.5.13\httpclient-4.5.13.jar;C:\Users\jaysh\.m2\repository\org\apache\httpcomponents\httpcore\4.4.13\httpcore-4.4.13.jar;C:\Users\jaysh\.m2\repository\commons-codec\commons-codec\1.11\commons-codec-1.11.jar;C:\Users\jaysh\.m2\repository\cglib\cglib\3.3.0\cglib-3.3.0.jar;C:\Users\jaysh\.m2\repository\org\ow2\asm\asm\7.1\asm-7.1.jar;C:\Users\jaysh\.m2\repository\org\springframework\spring-context\5.3.1\spring-context-5.3.1.jar;C:\Users\jaysh\.m2\repository\org\springframework\spring-aop\5.3.1\spring-aop-5.3.1.jar;C:\Users\jaysh\.m2\repository\org\springframework\spring-beans\5.3.1\spring-beans-5.3.1.jar;C:\Users\jaysh\.m2\repository\org\springframework\spring-core\5.3.1\spring-core-5.3.1.jar;C:\Users\jaysh\.m2\repository\org\springframework\spring-jcl\5.3.1\spring-jcl-5.3.1.jar;C:\Users\jaysh\.m2\repository\org\springframework\spring-expression\5.3.1\spring-expression-5.3.1.jar;C:\Users\jaysh\.m2\repository\org\aspectj\aspectjweaver\1.9.6\aspectjweaver-1.9.6.jar;C:\Users\jaysh\.m2\repository\com\aventstack\extentreports\4.0.0\extentreports-4.0.0.jar;C:\Users\jaysh\.m2\repository\org\freemarker\freemarker\2.3.23\freemarker-2.3.23.jar;C:\Users\jaysh\.m2\repository\org\mongodb\mongodb-driver\3.3.0\mongodb-driver-3.3.0.jar;C:\Users\jaysh\.m2\repository\org\mongodb\mongodb-driver-core\3.3.0\mongodb-driver-core-3.3.0.jar;C:\Users\jaysh\.m2\repository\org\mongodb\bson\3.3.0\bson-3.3.0.jar;C:\Users\jaysh\.m2\repository\org\apache\httpcomponents\httpmime\4.5.2\httpmime-4.5.2.jar;C:\Users\jaysh\.m2\repository\junit\junit\4.13.1\junit-4.13.1.jar;C:\Users\jaysh\.m2\repository\org\hamcrest\hamcrest-core\1.3\hamcrest-core-1.3.jar;C:\Users\jaysh\.m2\repository\org\testng\testng\7.3.0\testng-7.3.0.jar;C:\Users\jaysh\.m2\repository\com\beust\jcommander\1.78\jcommander-1.78.jar;C:\Users\jaysh\.m2\repository\org\apache\ant\ant\1.10.3\ant-1.10.3.jar;C:\Users\jaysh\.m2\repository\org\apache\ant\ant-launcher\1.10.3\ant-launcher-1.10.3.jar;C:\Users\jaysh\.m2\repository\com\google\inject\guice\4.2.2\guice-4.2.2-no_aop.jar;C:\Users\jaysh\.m2\repository\javax\inject\javax.inject\1\javax.inject-1.jar;C:\Users\jaysh\.m2\repository\aopalliance\aopalliance\1.0\aopalliance-1.0.jar;C:\Users\jaysh\.m2\repository\org\yaml\snakeyaml\1.21\snakeyaml-1.21.jar;C:\Users\jaysh\.m2\repository\org\slf4j\slf4j-simple\1.7.26\slf4j-simple-1.7.26.jar;C:\Users\jaysh\.m2\repository\org\slf4j\slf4j-api\1.7.26\slf4j-api-1.7.26.jar;C:\Users\jaysh\.m2\repository\org\apache\commons\commons-lang3\3.11\commons-lang3-3.11.jar;C:\Users\jaysh\.m2\repository\commons-io\commons-io\2.6\commons-io-2.6.jar;C:\Users\jaysh\.m2\repository\commons-validator\commons-validator\1.6\commons-validator-1.6.jar;C:\Users\jaysh\.m2\repository\commons-beanutils\commons-beanutils\1.9.2\commons-beanutils-1.9.2.jar;C:\Users\jaysh\.m2\repository\commons-digester\commons-digester\1.8.1\commons-digester-1.8.1.jar;C:\Users\jaysh\.m2\repository\commons-logging\commons-logging\1.2\commons-logging-1.2.jar;C:\Users\jaysh\.m2\repository\commons-collections\commons-collections\3.2.2\commons-collections-3.2.2.jar;"/>
    <property name="sun.cpu.endian" value="little"/>
    <property name="user.home" value="C:\Users\jaysh"/>
    <property name="user.language" value="en"/>
    <property name="java.specification.vendor" value="Oracle Corporation"/>
    <property name="java.home" value="C:\Program Files (x86)\Java\jdk1.8.0_271\jre"/>
    <property name="basedir" value="C:\Users\jaysh\eclipse-workspace\AppiumFrameWork"/>
    <property name="file.separator" value="\"/>
    <property name="line.separator" value="&#10;"/>
    <property name="java.vm.specification.vendor" value="Oracle Corporation"/>
    <property name="java.specification.name" value="Java Platform API Specification"/>
    <property name="java.awt.graphicsenv" value="sun.awt.Win32GraphicsEnvironment"/>
    <property name="surefire.real.class.path" value="C:\Users\jaysh\AppData\Local\Temp\surefire3063878969618260024\surefirebooter2225555179355444106.jar"/>
    <property name="sun.boot.class.path" value="C:\Program Files (x86)\Java\jdk1.8.0_271\jre\lib\resources.jar;C:\Program Files (x86)\Java\jdk1.8.0_271\jre\lib\rt.jar;C:\Program Files (x86)\Java\jdk1.8.0_271\jre\lib\sunrsasign.jar;C:\Program Files (x86)\Java\jdk1.8.0_271\jre\lib\jsse.jar;C:\Program Files (x86)\Java\jdk1.8.0_271\jre\lib\jce.jar;C:\Program Files (x86)\Java\jdk1.8.0_271\jre\lib\charsets.jar;C:\Program Files (x86)\Java\jdk1.8.0_271\jre\lib\jfr.jar;C:\Program Files (x86)\Java\jdk1.8.0_271\jre\classes"/>
    <property name="user.script" value=""/>
    <property name="sun.management.compiler" value="HotSpot Client Compiler"/>
    <property name="java.runtime.version" value="1.8.0_271-b09"/>
    <property name="user.name" value="jaysh"/>
    <property name="path.separator" value=";"/>
    <property name="os.version" value="10.0"/>
    <property name="java.endorsed.dirs" value="C:\Program Files (x86)\Java\jdk1.8.0_271\jre\lib\endorsed"/>
    <property name="java.runtime.name" value="Java(TM) SE Runtime Environment"/>
    <property name="file.encoding" value="Cp1252"/>
    <property name="java.vm.name" value="Java HotSpot(TM) Client VM"/>
    <property name="localRepository" value="C:\Users\jaysh\.m2\repository"/>
    <property name="java.vendor.url.bug" value="http://bugreport.sun.com/bugreport/"/>
    <property name="java.io.tmpdir" value="C:\Users\jaysh\AppData\Local\Temp\"/>
    <property name="java.version" value="1.8.0_271"/>
    <property name="user.dir" value="C:\Users\jaysh\eclipse-workspace\AppiumFrameWork"/>
    <property name="os.arch" value="x86"/>
    <property name="java.vm.specification.name" value="Java Virtual Machine Specification"/>
    <property name="java.awt.printerjob" value="sun.awt.windows.WPrinterJob"/>
    <property name="sun.os.patch.level" value=""/>
    <property name="java.library.path" value="C:\Program Files (x86)\Java\jdk1.8.0_271\jre\bin;C:\windows\Sun\Java\bin;C:\windows\system32;C:\windows;C:\Python39\Scripts\;C:\Python39\;C:\windows\system32;C:\windows;C:\windows\System32\Wbem;C:\windows\System32\WindowsPowerShell\v1.0\;C:\windows\System32\OpenSSH\;C:\Program Files (x86)\NVIDIA Corporation\PhysX\Common;C:\Program Files\NVIDIA Corporation\NVIDIA NvDLISR;C:\Program Files (x86)\Brackets\command;C:\Program Files\Git\cmd;C:\Program Files\Java\jdk-11.0.9\bin;C:\ProgramData\chocolatey\bin;C:\Program Files (x86)\nodejs\;C:\xampp\php;C:\ProgramData\ComposerSetup\bin;C:\Program Files\gradle-6.7.1\bin;C:\apache-maven-3.6.3\bin;C:\Program Files\PuTTY\;C:\Program Files (x86)\nodejs\node_modules\npm\bin;C:\Users\jaysh\AppData\Local\Android\Sdk\platform-tools;C:\apache-maven-3.6.3;C:\Users\jaysh\AppData\Local\Programs\Python\Python38-32\Scripts\;C:\Users\jaysh\AppData\Local\Programs\Python\Python38-32\;C:\Users\jaysh\AppData\Local\Microsoft\WindowsApps;C:\Users\jaysh\AppData\Local\Programs\Microsoft VS Code\bin;C:\Windows\System32;C:\Users\jaysh\flutter\bin;C:\Users\jaysh\anaconda3\Library\bin\conda.bat;C:\Users\jaysh\anaconda3\Scripts\conda.exe;C:\Users\jaysh\anaconda3\condabin\conda.bat;C:\Users\jaysh\AppData\Roaming\Python\Python38\Scripts;C:\Users\jaysh\flutter\bin;C:\Users\jaysh\flutter\.pub-cache\bin;C:\Program Files (x86)\Java\jre1.8.0_271\bin;C:\Users\jaysh\AppData\Roaming\npm;C:\Users\jaysh\AppData\Roaming\Composer\vendor\bin;;."/>
    <property name="java.vm.info" value="mixed mode"/>
    <property name="java.vendor" value="Oracle Corporation"/>
    <property name="java.vm.version" value="25.271-b09"/>
    <property name="java.ext.dirs" value="C:\Program Files (x86)\Java\jdk1.8.0_271\jre\lib\ext;C:\windows\Sun\Java\lib\ext"/>
    <property name="sun.io.unicode.encoding" value="UnicodeLittle"/>
    <property name="java.class.version" value="52.0"/>
  </properties>
  <testcase name="totalValidation" classname="mobileTesting.AppiumFrameWork.EcommerceTest" time="37.973"/>
  <testcase name="totalValidation" classname="mobileTesting.AppiumFrameWork.EcommerceTest" time="38.707"/>
</testsuite>