<?xml version="1.0" encoding="UTF-8"?>
<!-- Generated by org.testng.reporters.JUnitReportReporter -->
<testsuite skipped="0" hostname="jay" name="mobileTesting.AppiumFrameWork.Case1Test" tests="1" failures="0" timestamp="2020-12-19T12:43:54 IST" time="30.397" errors="0">
  <testcase name="totalValidation" time="30.397" classname="mobileTesting.AppiumFrameWork.Case1Test"/>
  <system-out/>
</testsuite> <!-- mobileTesting.AppiumFrameWork.Case1Test -->
