<?xml version="1.0" encoding="UTF-8"?>
<!-- Generated by org.testng.reporters.JUnitReportReporter -->
<testsuite skipped="0" hostname="jay" name="mobileTesting.AppiumFrameWork.EcommerceTest" tests="2" failures="0" timestamp="2020-12-21T14:20:59 IST" time="73.489" errors="0">
  <testcase name="totalValidation" time="36.157" classname="mobileTesting.AppiumFrameWork.EcommerceTest"/>
  <system-out/>
  <testcase name="totalValidation" time="37.332" classname="mobileTesting.AppiumFrameWork.EcommerceTest"/>
  <system-out/>
</testsuite> <!-- mobileTesting.AppiumFrameWork.EcommerceTest -->
