<?xml version="1.0" encoding="UTF-8"?>
<!-- Generated by org.testng.reporters.JUnitReportReporter -->
<testsuite skipped="0" hostname="jay" name="mobileTesting.AppiumFrameWork.EcommerceTest" tests="2" failures="0" timestamp="2020-12-21T14:48:42 IST" time="76.681" errors="0">
  <testcase name="totalValidation" time="37.972" classname="mobileTesting.AppiumFrameWork.EcommerceTest"/>
  <system-out/>
  <testcase name="totalValidation" time="38.709" classname="mobileTesting.AppiumFrameWork.EcommerceTest"/>
  <system-out/>
</testsuite> <!-- mobileTesting.AppiumFrameWork.EcommerceTest -->
